proguard/mapping.txt
android.support.v4.view.MotionEventCompat$BaseMotionEventVersionImpl -> android.support.v4.view.k:
    int findPointerIndex(android.view.MotionEvent,int) -> a
    int getPointerId(android.view.MotionEvent,int) -> b
    float getX(android.view.MotionEvent,int) -> c
    float getY(android.view.MotionEvent,int) -> d
    int getPointerCount(android.view.MotionEvent) -> a
android.support.v4.view.MotionEventCompat$EclairMotionEventVersionImpl -> android.support.v4.view.l:
    int findPointerIndex(android.view.MotionEvent,int) -> a
    int getPointerId(android.view.MotionEvent,int) -> b
    float getX(android.view.MotionEvent,int) -> c
    float getY(android.view.MotionEvent,int) -> d
    int getPointerCount(android.view.MotionEvent) -> a
android.support.v4.view.MotionEventCompat$MotionEventVersionImpl -> android.support.v4.view.m:
    int findPointerIndex(android.view.MotionEvent,int) -> a
    int getPointerId(android.view.MotionEvent,int) -> b
    float getX(android.view.MotionEvent,int) -> c
    float getY(android.view.MotionEvent,int) -> d
    int getPointerCount(android.view.MotionEvent) -> a
android.support.v4.view.PagerAdapter -> android.support.v4.view.n:
    int getCount() -> a
    void destroyItem$30510aeb() -> b
    boolean isViewFromObject$171eb1dd() -> c
android.support.v4.view.VelocityTrackerCompat -> android.support.v4.view.o:
    android.support.v4.view.VelocityTrackerCompat$VelocityTrackerVersionImpl IMPL -> a
    float getXVelocity(android.view.VelocityTracker,int) -> a
    float getYVelocity(android.view.VelocityTracker,int) -> b
android.support.v4.view.VelocityTrackerCompat$BaseVelocityTrackerVersionImpl -> android.support.v4.view.p:
    float getXVelocity(android.view.VelocityTracker,int) -> a
    float getYVelocity(android.view.VelocityTracker,int) -> b
android.support.v4.view.VelocityTrackerCompat$HoneycombVelocityTrackerVersionImpl -> android.support.v4.view.q:
    float getXVelocity(android.view.VelocityTracker,int) -> a
    float getYVelocity(android.view.VelocityTracker,int) -> b
android.support.v4.view.VelocityTrackerCompat$VelocityTrackerVersionImpl -> android.support.v4.view.r:
    float getXVelocity(android.view.VelocityTracker,int) -> a
    float getYVelocity(android.view.VelocityTracker,int) -> b
android.support.v4.view.ViewCompat -> android.support.v4.view.s:
    android.support.v4.view.ViewCompat$ViewCompatImpl IMPL -> a
    boolean canScrollHorizontally(android.view.View,int) -> a
    int getOverScrollMode(android.view.View) -> a
    void postInvalidateOnAnimation(android.view.View) -> b
    void postInvalidateOnAnimation(android.view.View,int,int,int,int) -> a
    void postOnAnimation(android.view.View,java.lang.Runnable) -> a
    void setLayerType(android.view.View,int,android.graphics.Paint) -> a
    int getLayerType(android.view.View) -> c
    void setLayerPaint(android.view.View,android.graphics.Paint) -> a
    int getLayoutDirection(android.view.View) -> d
android.support.v4.view.ViewCompat$BaseViewCompatImpl -> android.support.v4.view.t:
    boolean canScrollHorizontally(android.view.View,int) -> a
    int getOverScrollMode(android.view.View) -> a
    void postInvalidateOnAnimation(android.view.View) -> b
    void postInvalidateOnAnimation(android.view.View,int,int,int,int) -> a
    void postOnAnimation(android.view.View,java.lang.Runnable) -> a
    long getFrameTime() -> a
    void setLayerType(android.view.View,int,android.graphics.Paint) -> a
    int getLayerType(android.view.View) -> c
    void setLayerPaint(android.view.View,android.graphics.Paint) -> a
    int getLayoutDirection(android.view.View) -> d
android.support.v4.view.ViewCompat$GBViewCompatImpl -> android.support.v4.view.u:
    int getOverScrollMode(android.view.View) -> a