proguard/usage.txt
com.actionbarsherlock.internal.app.ActionBarImpl$TabImpl
com.actionbarsherlock.internal.app.ActionBarWrapper:
    private android.support.v4.app.FragmentTransaction mFragmentTransaction
    49:50:public void setCustomView(android.view.View)
    54:61:public void setCustomView(android.view.View,com.actionbarsherlock.app.ActionBar$LayoutParams)
    65:66:public void setCustomView(int)
    70:71:public void setIcon(int)
    75:76:public void setIcon(android.graphics.drawable.Drawable)
    80:81:public void setLogo(int)
    85:86:public void setLogo(android.graphics.drawable.Drawable)
    90:92:public void setListNavigationCallbacks(android.widget.SpinnerAdapter,com.actionbarsherlock.app.ActionBar$OnNavigationListener)
    103:104:public void setSelectedNavigationItem(int)
    108:108:public int getSelectedNavigationIndex()
    113:113:public int getNavigationItemCount()
    118:119:public void setTitle(java.lang.CharSequence)
    123:124:public void setTitle(int)
    128:129:public void setSubtitle(java.lang.CharSequence)
    133:134:public void setSubtitle(int)
    138:142:public void setDisplayOptions(int)
    146:152:public void setDisplayOptions(int,int)
    156:157:public void setDisplayUseLogoEnabled(boolean)
    161:162:public void setDisplayShowHomeEnabled(boolean)
    166:167:public void setDisplayHomeAsUpEnabled(boolean)
    171:172:public void setDisplayShowTitleEnabled(boolean)
    176:177:public void setDisplayShowCustomEnabled(boolean)
com.actionbarsherlock.internal.app.ActionBarWrapper$TabWrapper
com.actionbarsherlock.internal.nineoldandroids.animation.Animator:
    public abstract long getStartDelay()
    public abstract void setStartDelay(long)
    public abstract com.actionbarsherlock.internal.nineoldandroids.animation.Animator setDuration(long)
    public abstract long getDuration()
    public abstract void setInterpolator(android.view.animation.Interpolator)
    183:187:public void removeAllListeners()
    217:217:public void setupStartValues()
    229:229:public void setupEndValues()
    240:240:public void setTarget(java.lang.Object)
com.actionbarsherlock.internal.nineoldandroids.animation.AnimatorSet:
    126:133:public varargs void playTogether(com.actionbarsherlock.internal.nineoldandroids.animation.Animator[])
    141:152:public void playTogether(java.util.Collection)
    161:171:public varargs void playSequentially(com.actionbarsherlock.internal.nineoldandroids.animation.Animator[])
    180:190:public void playSequentially(java.util.List)
    201:205:public java.util.ArrayList getChildAnimations()
    217:225:public void setTarget(java.lang.Object)
    235:238:public void setInterpolator(android.view.animation.Interpolator)
    378:378:public long getStartDelay()
    389:390:public void setStartDelay(long)
    402:402:public long getDuration()
    415:424:public com.actionbarsherlock.internal.nineoldandroids.animation.AnimatorSet setDuration(long)
    429:432:public void setupStartValues()
    436:439:public void setupEndValues()
    1:1:public bridge synthetic com.actionbarsherlock.internal.nineoldandroids.animation.Animator setDuration(long)
com.actionbarsherlock.internal.nineoldandroids.animation.AnimatorSet$Builder:
    1062:1070:public com.actionbarsherlock.internal.nineoldandroids.animation.AnimatorSet$Builder before(com.actionbarsherlock.internal.nineoldandroids.animation.Animator)
    1082:1090:public com.actionbarsherlock.internal.nineoldandroids.animation.AnimatorSet$Builder after(com.actionbarsherlock.internal.nineoldandroids.animation.Animator)
    1103:1106:public com.actionbarsherlock.internal.nineoldandroids.animation.AnimatorSet$Builder after(long)
com.actionbarsherlock.internal.nineoldandroids.animation.AnimatorSet$Dependency:
    static final int WITH
    static final int AFTER
com.actionbarsherlock.internal.nineoldandroids.animation.IntKeyframeSet